<?xml version="1.0" encoding="UTF-8"?>
<testng-results skipped="0" failed="1" ignored="0" total="2" passed="1">
  <reporter-output>
    <line>
      <![CDATA[Click to see screenshot]]>
    </line>
    <line>
      <![CDATA[<a target = "_blank" href=C:\Users\Manas Vibhakar\IdeaProjects\ultipftv2/test-output/html/verifyTheErrorMessageTue_Dec_13_20_40_04_GMT_2022.jpg>Screenshot</a>]]>
    </line>
    <line>
      <![CDATA[<br>]]>
    </line>
    <line>
      <![CDATA[<br>]]>
    </line>
    <line>
      <![CDATA[<a target = "_blank" href=C:\Users\Manas Vibhakar\IdeaProjects\ultipftv2/test-output/html/verifyTheErrorMessageTue_Dec_13_20_40_04_GMT_2022.jpg><img src=C:\Users\Manas Vibhakar\IdeaProjects\ultipftv2/test-output/html/verifyTheErrorMessageTue_Dec_13_20_40_04_GMT_2022.jpg height=200 width=200></img></a>]]>
    </line>
  </reporter-output>
  <suite name="testsuite" duration-ms="34563" started-at="2022-12-13T20:39:36 GMT" finished-at="2022-12-13T20:40:11 GMT">
    <groups>
      <group name="regression">
        <method signature="LoginTest.verifyTheErrorMessage()[pri:0, instance:com.ultima.login.testsuite.LoginTest@1786f9d5]" name="verifyTheErrorMessage" class="com.ultima.login.testsuite.LoginTest"/>
        <method signature="LoginTest.verifyUserShouldOnLogin()[pri:0, instance:com.ultima.login.testsuite.LoginTest@1786f9d5]" name="verifyUserShouldOnLogin" class="com.ultima.login.testsuite.LoginTest"/>
      </group> <!-- regression -->
      <group name="smoke">
        <method signature="LoginTest.verifyTheErrorMessage()[pri:0, instance:com.ultima.login.testsuite.LoginTest@1786f9d5]" name="verifyTheErrorMessage" class="com.ultima.login.testsuite.LoginTest"/>
      </group> <!-- smoke -->
      <group name="sanity">
        <method signature="LoginTest.verifyUserShouldOnLogin()[pri:0, instance:com.ultima.login.testsuite.LoginTest@1786f9d5]" name="verifyUserShouldOnLogin" class="com.ultima.login.testsuite.LoginTest"/>
      </group> <!-- sanity -->
    </groups>
    <test name="Login Test" duration-ms="34563" started-at="2022-12-13T20:39:36 GMT" finished-at="2022-12-13T20:40:11 GMT">
      <class name="com.ultima.login.testsuite.LoginTest">
        <test-method status="PASS" signature="setUp()[pri:0, instance:com.ultima.login.testsuite.LoginTest@1786f9d5]" name="setUp" is-config="true" duration-ms="6260" started-at="2022-12-13T20:39:36 GMT" finished-at="2022-12-13T20:39:43 GMT">
          <reporter-output>
          </reporter-output>
        </test-method> <!-- setUp -->
        <test-method status="PASS" signature="inIt()[pri:0, instance:com.ultima.login.testsuite.LoginTest@1786f9d5]" name="inIt" is-config="true" duration-ms="21" started-at="2022-12-13T20:39:43 GMT" finished-at="2022-12-13T20:39:43 GMT">
          <reporter-output>
          </reporter-output>
        </test-method> <!-- inIt -->
        <test-method status="FAIL" signature="verifyTheErrorMessage()[pri:0, instance:com.ultima.login.testsuite.LoginTest@1786f9d5]" name="verifyTheErrorMessage" duration-ms="21448" started-at="2022-12-13T20:39:43 GMT" finished-at="2022-12-13T20:40:04 GMT">
          <exception class="org.openqa.selenium.NoSuchElementException">
            <message>
              <![CDATA[no such element: Unable to locate element: {"method":"xpath","selector":"//input[@type='submit']"}
  (Session info: chrome=108.0.5359.99)
For documentation on this error, please visit: https://selenium.dev/exceptions/#no_such_element
Build info: version: '4.6.0', revision: '79f1c02ae20'
System info: os.name: 'Windows 10', os.arch: 'amd64', os.version: '10.0', java.version: '1.8.0_121'
Driver info: org.openqa.selenium.chrome.ChromeDriver
Command: [5bab78f1dd12e768a7e19512f2949ef1, findElement {using=xpath, value=//input[@type='submit']}]
Capabilities {acceptInsecureCerts: false, browserName: chrome, browserVersion: 108.0.5359.99, chrome: {chromedriverVersion: 108.0.5359.71 (1e0e3868ee06..., userDataDir: C:\Users\MANASV~1\AppData\L...}, goog:chromeOptions: {debuggerAddress: localhost:64179}, networkConnectionEnabled: false, pageLoadStrategy: normal, platformName: WINDOWS, proxy: Proxy(), se:cdp: ws://localhost:64179/devtoo..., se:cdpVersion: 108.0.5359.99, setWindowRect: true, strictFileInteractability: false, timeouts: {implicit: 0, pageLoad: 300000, script: 30000}, unhandledPromptBehavior: dismiss and notify, webauthn:extension:credBlob: true, webauthn:extension:largeBlob: true, webauthn:virtualAuthenticators: true}
Session ID: 5bab78f1dd12e768a7e19512f2949ef1]]>
            </message>
            <full-stacktrace>
              <![CDATA[org.openqa.selenium.NoSuchElementException: no such element: Unable to locate element: {"method":"xpath","selector":"//input[@type='submit']"}
  (Session info: chrome=108.0.5359.99)
For documentation on this error, please visit: https://selenium.dev/exceptions/#no_such_element
Build info: version: '4.6.0', revision: '79f1c02ae20'
System info: os.name: 'Windows 10', os.arch: 'amd64', os.version: '10.0', java.version: '1.8.0_121'
Driver info: org.openqa.selenium.chrome.ChromeDriver
Command: [5bab78f1dd12e768a7e19512f2949ef1, findElement {using=xpath, value=//input[@type='submit']}]
Capabilities {acceptInsecureCerts: false, browserName: chrome, browserVersion: 108.0.5359.99, chrome: {chromedriverVersion: 108.0.5359.71 (1e0e3868ee06..., userDataDir: C:\Users\MANASV~1\AppData\L...}, goog:chromeOptions: {debuggerAddress: localhost:64179}, networkConnectionEnabled: false, pageLoadStrategy: normal, platformName: WINDOWS, proxy: Proxy(), se:cdp: ws://localhost:64179/devtoo..., se:cdpVersion: 108.0.5359.99, setWindowRect: true, strictFileInteractability: false, timeouts: {implicit: 0, pageLoad: 300000, script: 30000}, unhandledPromptBehavior: dismiss and notify, webauthn:extension:credBlob: true, webauthn:extension:largeBlob: true, webauthn:virtualAuthenticators: true}
Session ID: 5bab78f1dd12e768a7e19512f2949ef1
at sun.reflect.NativeConstructorAccessorImpl.newInstance0(Native Method)
at sun.reflect.NativeConstructorAccessorImpl.newInstance(NativeConstructorAccessorImpl.java:62)
at sun.reflect.DelegatingConstructorAccessorImpl.newInstance(DelegatingConstructorAccessorImpl.java:45)
at java.lang.reflect.Constructor.newInstance(Constructor.java:423)
at org.openqa.selenium.remote.codec.w3c.W3CHttpResponseCodec.createException(W3CHttpResponseCodec.java:200)
at org.openqa.selenium.remote.codec.w3c.W3CHttpResponseCodec.decode(W3CHttpResponseCodec.java:133)
at org.openqa.selenium.remote.codec.w3c.W3CHttpResponseCodec.decode(W3CHttpResponseCodec.java:53)
at org.openqa.selenium.remote.HttpCommandExecutor.execute(HttpCommandExecutor.java:184)
at org.openqa.selenium.remote.service.DriverCommandExecutor.invokeExecute(DriverCommandExecutor.java:167)
at org.openqa.selenium.remote.service.DriverCommandExecutor.execute(DriverCommandExecutor.java:142)
at org.openqa.selenium.remote.RemoteWebDriver.execute(RemoteWebDriver.java:541)
at org.openqa.selenium.remote.ElementLocation$ElementFinder$2.findElement(ElementLocation.java:162)
at org.openqa.selenium.remote.ElementLocation.findElement(ElementLocation.java:60)
at org.openqa.selenium.remote.RemoteWebDriver.findElement(RemoteWebDriver.java:365)
at org.openqa.selenium.remote.RemoteWebDriver.findElement(RemoteWebDriver.java:357)
at org.openqa.selenium.support.pagefactory.DefaultElementLocator.findElement(DefaultElementLocator.java:70)
at org.openqa.selenium.support.pagefactory.internal.LocatingElementHandler.invoke(LocatingElementHandler.java:39)
at com.sun.proxy.$Proxy15.click(Unknown Source)
at com.ultima.login.utility.Utility.clickOnElement(Utility.java:53)
at com.ultima.login.pages.LoginPage.clickOnSignIn(LoginPage.java:48)
at com.ultima.login.testsuite.LoginTest.verifyTheErrorMessage(LoginTest.java:37)
at sun.reflect.NativeMethodAccessorImpl.invoke0(Native Method)
at sun.reflect.NativeMethodAccessorImpl.invoke(NativeMethodAccessorImpl.java:62)
at sun.reflect.DelegatingMethodAccessorImpl.invoke(DelegatingMethodAccessorImpl.java:43)
at java.lang.reflect.Method.invoke(Method.java:498)
at org.testng.internal.invokers.MethodInvocationHelper.invokeMethod(MethodInvocationHelper.java:135)
at org.testng.internal.invokers.TestInvoker.invokeMethod(TestInvoker.java:673)
at org.testng.internal.invokers.TestInvoker.invokeTestMethod(TestInvoker.java:220)
at org.testng.internal.invokers.MethodRunner.runInSequence(MethodRunner.java:50)
at org.testng.internal.invokers.TestInvoker$MethodInvocationAgent.invoke(TestInvoker.java:945)
at org.testng.internal.invokers.TestInvoker.invokeTestMethods(TestInvoker.java:193)
at org.testng.internal.invokers.TestMethodWorker.invokeTestMethods(TestMethodWorker.java:146)
at org.testng.internal.invokers.TestMethodWorker.run(TestMethodWorker.java:128)
at java.util.ArrayList.forEach(ArrayList.java:1249)
at org.testng.TestRunner.privateRun(TestRunner.java:808)
at org.testng.TestRunner.run(TestRunner.java:603)
at org.testng.SuiteRunner.runTest(SuiteRunner.java:429)
at org.testng.SuiteRunner.runSequentially(SuiteRunner.java:423)
at org.testng.SuiteRunner.privateRun(SuiteRunner.java:383)
at org.testng.SuiteRunner.run(SuiteRunner.java:326)
at org.testng.SuiteRunnerWorker.runSuite(SuiteRunnerWorker.java:52)
at org.testng.SuiteRunnerWorker.run(SuiteRunnerWorker.java:95)
at org.testng.TestNG.runSuitesSequentially(TestNG.java:1249)
at org.testng.TestNG.runSuitesLocally(TestNG.java:1169)
at org.testng.TestNG.runSuites(TestNG.java:1092)
at org.testng.TestNG.run(TestNG.java:1060)
at com.intellij.rt.testng.IDEARemoteTestNG.run(IDEARemoteTestNG.java:66)
at com.intellij.rt.testng.RemoteTestNGStarter.main(RemoteTestNGStarter.java:109)
]]>
            </full-stacktrace>
          </exception> <!-- org.openqa.selenium.NoSuchElementException -->
          <reporter-output>
            <line>
              <![CDATA[Click to see screenshot]]>
            </line>
            <line>
              <![CDATA[<a target = "_blank" href=C:\Users\Manas Vibhakar\IdeaProjects\ultipftv2/test-output/html/verifyTheErrorMessageTue_Dec_13_20_40_04_GMT_2022.jpg>Screenshot</a>]]>
            </line>
            <line>
              <![CDATA[<br>]]>
            </line>
            <line>
              <![CDATA[<br>]]>
            </line>
            <line>
              <![CDATA[<a target = "_blank" href=C:\Users\Manas Vibhakar\IdeaProjects\ultipftv2/test-output/html/verifyTheErrorMessageTue_Dec_13_20_40_04_GMT_2022.jpg><img src=C:\Users\Manas Vibhakar\IdeaProjects\ultipftv2/test-output/html/verifyTheErrorMessageTue_Dec_13_20_40_04_GMT_2022.jpg height=200 width=200></img></a>]]>
            </line>
          </reporter-output>
        </test-method> <!-- verifyTheErrorMessage -->
        <test-method status="PASS" signature="tearDown()[pri:0, instance:com.ultima.login.testsuite.LoginTest@1786f9d5]" name="tearDown" is-config="true" duration-ms="825" started-at="2022-12-13T20:40:04 GMT" finished-at="2022-12-13T20:40:05 GMT">
          <reporter-output>
          </reporter-output>
        </test-method> <!-- tearDown -->
        <test-method status="PASS" signature="setUp()[pri:0, instance:com.ultima.login.testsuite.LoginTest@1786f9d5]" name="setUp" is-config="true" duration-ms="3652" started-at="2022-12-13T20:40:05 GMT" finished-at="2022-12-13T20:40:09 GMT">
          <reporter-output>
          </reporter-output>
        </test-method> <!-- setUp -->
        <test-method status="PASS" signature="inIt()[pri:0, instance:com.ultima.login.testsuite.LoginTest@1786f9d5]" name="inIt" is-config="true" duration-ms="3" started-at="2022-12-13T20:40:09 GMT" finished-at="2022-12-13T20:40:09 GMT">
          <reporter-output>
          </reporter-output>
        </test-method> <!-- inIt -->
        <test-method status="PASS" signature="verifyUserShouldOnLogin()[pri:0, instance:com.ultima.login.testsuite.LoginTest@1786f9d5]" name="verifyUserShouldOnLogin" duration-ms="1054" started-at="2022-12-13T20:40:09 GMT" finished-at="2022-12-13T20:40:10 GMT">
          <reporter-output>
          </reporter-output>
        </test-method> <!-- verifyUserShouldOnLogin -->
        <test-method status="PASS" signature="tearDown()[pri:0, instance:com.ultima.login.testsuite.LoginTest@1786f9d5]" name="tearDown" is-config="true" duration-ms="716" started-at="2022-12-13T20:40:10 GMT" finished-at="2022-12-13T20:40:11 GMT">
          <reporter-output>
          </reporter-output>
        </test-method> <!-- tearDown -->
      </class> <!-- com.ultima.login.testsuite.LoginTest -->
    </test> <!-- Login Test -->
  </suite> <!-- testsuite -->
</testng-results>
